<?xml version="1.0" encoding="UTF-8"?>
<!-- Generated by org.testng.reporters.JUnitXMLReporter -->
<testsuite ignored="2" hostname="DESKTOP-3DLSUH2" failures="1" tests="3" name="Test" time="13.42" errors="0" timestamp="2025-01-18T13:21:38 IST">
  <testcase classname="swagLabs.Inventory.RemoveProductTest" name="tc_002_removeProductFromCart" time="0.015"/>
  <testcase classname="swagLabs.Inventory.AddProductToCart" name="sampleTest" time="0.004">
    <failure type="java.lang.AssertionError" message="null">
      <![CDATA[java.lang.AssertionError: null
at swagLabs.Inventory.AddProductToCart.sampleTest(AddProductToCart.java:44)
at java.base/java.util.ArrayList.forEach(ArrayList.java:1597)
... Removed 27 stack frames]]>
    </failure>
  </testcase> <!-- sampleTest -->
  <testcase classname="swagLabs.Inventory.AddProductToCart" name="tc_001_AddProductToCartTest" time="0.963"/>
  <testcase classname="swagLabs.GenericUtility.BaseClass" name="@BeforeSuite bsConfig" time="0.0">
    <ignored/>
  </testcase> <!-- @BeforeSuite bsConfig -->
  <testcase classname="swagLabs.GenericUtility.BaseClass" name="@AfterSuite asConfig" time="0.0">
    <ignored/>
  </testcase> <!-- @AfterSuite asConfig -->
</testsuite> <!-- Test -->
